<?xml version="1.0" encoding="UTF-8"?>
<!-- Generated by org.testng.reporters.JUnitReportReporter -->
<testsuite skipped="0" hostname="user-PC" name="testcases.LoginPageTest" tests="1" failures="0" timestamp="27 Jul 2020 09:07:38 GMT" time="10.125" errors="0">
  <testcase name="logintest" time="10.125" classname="testcases.LoginPageTest"/>
</testsuite> <!-- testcases.LoginPageTest -->
