<?xml version="1.0" encoding="UTF-8"?>
<!-- Generated by org.testng.reporters.JUnitReportReporter -->
<testsuite skipped="0" hostname="user-PC" name="testcases.AddCartPageTest" tests="1" failures="0" timestamp="27 Jul 2020 09:07:39 GMT" time="9.408" errors="0">
  <testcase name="addMore" time="9.408" classname="testcases.AddCartPageTest"/>
</testsuite> <!-- testcases.AddCartPageTest -->
