<?xml version="1.0" encoding="UTF-8"?>
<!-- Generated by org.testng.reporters.JUnitReportReporter -->
<testsuite skipped="0" hostname="user-PC" name="testcases.ProductPageTest" tests="1" failures="0" timestamp="27 Jul 2020 09:07:39 GMT" time="2.262" errors="0">
  <testcase name="addproductcart" time="2.262" classname="testcases.ProductPageTest"/>
</testsuite> <!-- testcases.ProductPageTest -->
