<?xml version="1.0" encoding="UTF-8"?>
<!-- Generated by org.testng.reporters.JUnitReportReporter -->
<testsuite skipped="0" hostname="user-PC" name="testcases.HomePageTest" tests="1" failures="0" timestamp="27 Jul 2020 09:07:39 GMT" time="3.028" errors="0">
  <testcase name="sendproduct" time="3.028" classname="testcases.HomePageTest"/>
</testsuite> <!-- testcases.HomePageTest -->
